Calculating task graph as no cached configuration is available for tasks: testDebugUnitTest
GRADLE: Private API Core detected. Using Real Implementation.

[Incubating] Problems report is available at: file:///app/studio-android/LightNovelLibrary/build/reports/problems/problems-report.html

FAILURE: Build failed with an exception.

* What went wrong:
Configuration cache state could not be cached: field `__dependencies__` of task `:api:generateDebugUnitTestStubRFile` of type `com.android.build.gradle.internal.res.GenerateLibraryRFileTask`: error writing value of type 'org.gradle.api.internal.file.collections.DefaultConfigurableFileCollection'
> Could not resolve all files for configuration ':api:debugUnitTestRuntimeClasspath'.
   > Could not resolve junit:junit:4.13.2.
     Required by:
         project :api
      > Could not resolve junit:junit:4.13.2.
         > Could not get resource 'https://repo.maven.apache.org/maven2/junit/junit/4.13.2/junit-4.13.2.pom'.
            > Could not GET 'https://repo.maven.apache.org/maven2/junit/junit/4.13.2/junit-4.13.2.pom'.
               > repo.maven.apache.org: Temporary failure in name resolution
   > Could not resolve org.mockito:mockito-core:5.4.0.
     Required by:
         project :api
      > Could not resolve org.mockito:mockito-core:5.4.0.
         > Could not get resource 'https://repo.maven.apache.org/maven2/org/mockito/mockito-core/5.4.0/mockito-core-5.4.0.pom'.
            > Could not GET 'https://repo.maven.apache.org/maven2/org/mockito/mockito-core/5.4.0/mockito-core-5.4.0.pom'.
               > repo.maven.apache.org

* Try:
> Run with --stacktrace option to get the stack trace.
> Run with --info or --debug option to get more log output.
> Run with --scan to get full insights.
> Get more help at https://help.gradle.org.

Deprecated Gradle features were used in this build, making it incompatible with Gradle 9.0.

You can use '--warning-mode all' to show the individual deprecation warnings and determine if they come from your own scripts or plugins.

For more on this, please refer to https://docs.gradle.org/8.13/userguide/command_line_interface.html#sec:command_line_warnings in the Gradle documentation.

BUILD FAILED in 22s
Configuration cache entry discarded due to serialization error.
